<?xml version="1.0" encoding="UTF-8"?>
<!-- Generated by org.testng.reporters.JUnitReportReporter -->
<testsuite hostname="Pradeep_Computer" failures="0" tests="1" name="VerifyGUI.VisibleData" time="6.480" errors="0" timestamp="2022-06-06T12:37:40 IST" skipped="0">
  <testcase classname="VerifyGUI.VisibleData" name="test" time="6.480"/>
  <system-out/>
</testsuite> <!-- VerifyGUI.VisibleData -->
