<?xml version="1.0" encoding="UTF-8"?>
<!-- Generated by org.testng.reporters.JUnitReportReporter -->
<testsuite skipped="0" hostname="Pradeep_Computer" name="VerifyGUI.TestCase2" tests="1" failures="0" timestamp="2022-06-17T14:41:48 IST" time="18.539" errors="0">
  <testcase name="test" time="18.539" classname="VerifyGUI.TestCase2"/>
  <system-out/>
</testsuite> <!-- VerifyGUI.TestCase2 -->
