<?xml version="1.0" encoding="UTF-8"?>
<!-- Generated by org.testng.reporters.JUnitReportReporter -->
<testsuite skipped="0" hostname="Pradeep_Computer" name="security.TestCase1" tests="1" failures="0" timestamp="2022-06-16T14:23:28 IST" time="9.765" errors="0">
  <testcase name="test" time="9.765" classname="security.TestCase1"/>
  <system-out/>
</testsuite> <!-- security.TestCase1 -->
