<?xml version="1.0" encoding="UTF-8"?>
<!-- Generated by org.testng.reporters.JUnitReportReporter -->
<testsuite skipped="0" hostname="Pradeep_Computer" name="security.TestCase1" tests="3" failures="0" timestamp="2022-06-16T17:17:34 IST" time="15.808" errors="0">
  <testcase name="test" time="9.708" classname="security.TestCase1"/>
  <system-out/>
  <testcase name="selectingsecurityuser" time="3.109" classname="security.TestCase1"/>
  <system-out/>
  <testcase name="validatingusertable" time="2.991" classname="security.TestCase1"/>
  <system-out/>
</testsuite> <!-- security.TestCase1 -->
